0 info it worked if it ends with ok
1 verbose cli [ '/usr/local/bin/iojs',
1 verbose cli   '/usr/local/bin/npm',
1 verbose cli   'install',
1 verbose cli   '-g',
1 verbose cli   'browserify' ]
2 info using npm@2.14.3
3 info using node@v3.3.1
4 verbose install initial load of /usr/local/lib/package.json
5 verbose readDependencies loading dependencies from /usr/local/lib/package.json
6 silly cache add args [ 'browserify', null ]
7 verbose cache add spec browserify
8 silly cache add parsed spec Result {
8 silly cache add   raw: 'browserify',
8 silly cache add   scope: null,
8 silly cache add   name: 'browserify',
8 silly cache add   rawSpec: '',
8 silly cache add   spec: '*',
8 silly cache add   type: 'range' }
9 silly addNamed browserify@*
10 verbose addNamed "*" is a valid semver range for browserify
11 silly addNameRange { name: 'browserify', range: '*', hasData: false }
12 silly mapToRegistry name browserify
13 silly mapToRegistry using default registry
14 silly mapToRegistry registry https://registry.npmjs.org/
15 silly mapToRegistry uri https://registry.npmjs.org/browserify
16 verbose addNameRange registry:https://registry.npmjs.org/browserify not in flight; fetching
17 verbose request uri https://registry.npmjs.org/browserify
18 verbose request no auth needed
19 info attempt registry request try #1 at 7:25:17 PM
20 verbose request id e42f4d6a1fbcf188
21 http request GET https://registry.npmjs.org/browserify
22 http 200 https://registry.npmjs.org/browserify
23 silly get cb [ 200,
23 silly get   { server: 'CouchDB/1.5.0 (Erlang OTP/R16B03)',
23 silly get     etag: '"BLE4WNRBSTCC18BYNKU5QX4LI"',
23 silly get     'content-type': 'application/json',
23 silly get     'cache-control': 'max-age=60',
23 silly get     'content-length': '844031',
23 silly get     'accept-ranges': 'bytes',
23 silly get     date: 'Thu, 22 Oct 2015 02:25:17 GMT',
23 silly get     via: '1.1 varnish',
23 silly get     age: '53',
23 silly get     connection: 'keep-alive',
23 silly get     'x-served-by': 'cache-lax1420-LAX',
23 silly get     'x-cache': 'HIT',
23 silly get     'x-cache-hits': '2',
23 silly get     'x-timer': 'S1445480717.887730,VS0,VE0',
23 silly get     vary: 'Accept' } ]
24 verbose get saving browserify to /Users/localadmin/.npm/registry.npmjs.org/browserify/.cache.json
25 verbose makeDirectory /Users/localadmin/.npm creation not in flight; initializing
26 silly makeDirectory /Users/localadmin/.npm uid: 501 gid: 20
27 silly addNameRange number 2 { name: 'browserify', range: '*', hasData: true }
28 silly addNameRange versions [ 'browserify',
28 silly addNameRange   [ '0.0.1',
28 silly addNameRange     '0.0.2',
28 silly addNameRange     '0.0.3',
28 silly addNameRange     '0.0.4',
28 silly addNameRange     '0.0.5',
28 silly addNameRange     '0.1.0',
28 silly addNameRange     '0.1.1',
28 silly addNameRange     '0.1.2',
28 silly addNameRange     '0.1.3',
28 silly addNameRange     '0.1.4',
28 silly addNameRange     '0.1.5',
28 silly addNameRange     '0.2.0',
28 silly addNameRange     '0.2.1',
28 silly addNameRange     '0.2.2',
28 silly addNameRange     '0.2.3',
28 silly addNameRange     '0.2.4',
28 silly addNameRange     '0.2.5',
28 silly addNameRange     '0.2.6',
28 silly addNameRange     '0.2.7',
28 silly addNameRange     '0.2.8',
28 silly addNameRange     '0.2.9',
28 silly addNameRange     '0.2.10',
28 silly addNameRange     '0.2.11',
28 silly addNameRange     '0.3.0',
28 silly addNameRange     '0.3.1',
28 silly addNameRange     '0.3.2',
28 silly addNameRange     '0.3.3',
28 silly addNameRange     '0.3.4',
28 silly addNameRange     '0.3.5',
28 silly addNameRange     '0.3.6',
28 silly addNameRange     '0.3.7',
28 silly addNameRange     '0.4.0',
28 silly addNameRange     '0.4.1',
28 silly addNameRange     '0.4.2',
28 silly addNameRange     '0.4.3',
28 silly addNameRange     '0.4.4',
28 silly addNameRange     '0.4.5',
28 silly addNameRange     '0.4.6',
28 silly addNameRange     '0.4.7',
28 silly addNameRange     '0.4.8',
28 silly addNameRange     '0.4.9',
28 silly addNameRange     '0.4.10',
28 silly addNameRange     '0.4.11',
28 silly addNameRange     '0.4.12',
28 silly addNameRange     '0.4.13',
28 silly addNameRange     '0.4.14',
28 silly addNameRange     '0.4.15',
28 silly addNameRange     '0.5.0',
28 silly addNameRange     '0.5.1',
28 silly addNameRange     '0.5.2',
28 silly addNameRange     '1.0.0',
28 silly addNameRange     '1.1.0',
28 silly addNameRange     '1.1.1',
28 silly addNameRange     '1.1.2',
28 silly addNameRange     '1.1.3',
28 silly addNameRange     '1.1.4',
28 silly addNameRange     '1.2.0',
28 silly addNameRange     '1.2.1',
28 silly addNameRange     '1.2.2',
28 silly addNameRange     '1.2.3',
28 silly addNameRange     '1.2.4',
28 silly addNameRange     '1.2.5',
28 silly addNameRange     '1.2.6',
28 silly addNameRange     '1.2.7',
28 silly addNameRange     '1.2.8',
28 silly addNameRange     '1.2.9',
28 silly addNameRange     '1.3.0',
28 silly addNameRange     '1.4.0',
28 silly addNameRange     '1.4.1',
28 silly addNameRange     '1.4.2',
28 silly addNameRange     '1.4.3',
28 silly addNameRange     '1.4.4',
28 silly addNameRange     '1.4.5',
28 silly addNameRange     '1.4.6',
28 silly addNameRange     '1.4.7',
28 silly addNameRange     '1.4.8',
28 silly addNameRange     '1.5.0',
28 silly addNameRange     '1.6.0',
28 silly addNameRange     '1.6.1',
28 silly addNameRange     '1.7.0',
28 silly addNameRange     '1.7.1',
28 silly addNameRange     '1.7.2',
28 silly addNameRange     '1.7.3',
28 silly addNameRange     '1.7.4',
28 silly addNameRange     '1.7.5',
28 silly addNameRange     '1.7.6',
28 silly addNameRange     '1.7.7',
28 silly addNameRange     '1.8.0',
28 silly addNameRange     '1.8.1',
28 silly addNameRange     '1.8.2',
28 silly addNameRange     '1.8.3',
28 silly addNameRange     '1.9.0',
28 silly addNameRange     '1.9.1',
28 silly addNameRange     '1.9.2',
28 silly addNameRange     '1.9.3',
28 silly addNameRange     '1.9.4',
28 silly addNameRange     '1.10.0',
28 silly addNameRange     '1.10.1',
28 silly addNameRange     '1.10.2',
28 silly addNameRange     '1.10.3',
28 silly addNameRange     '1.10.4',
28 silly addNameRange     '1.10.5',
28 silly addNameRange     '1.10.6',
28 silly addNameRange     '1.10.7',
28 silly addNameRange     '1.10.8',
28 silly addNameRange     '1.10.9',
28 silly addNameRange     '1.10.11',
28 silly addNameRange     '1.10.12',
28 silly addNameRange     '1.10.13',
28 silly addNameRange     '1.10.14',
28 silly addNameRange     '1.10.15',
28 silly addNameRange     '1.10.16',
28 silly addNameRange     '1.10.17',
28 silly addNameRange     '1.11.0',
28 silly addNameRange     '1.11.1',
28 silly addNameRange     '1.12.0',
28 silly addNameRange     '1.12.1',
28 silly addNameRange     '1.12.2',
28 silly addNameRange     '1.12.3',
28 silly addNameRange     '1.13.0',
28 silly addNameRange     '1.13.1',
28 silly addNameRange     '1.13.2',
28 silly addNameRange     '1.13.3',
28 silly addNameRange     '1.13.4',
28 silly addNameRange     '1.13.5',
28 silly addNameRange     '1.13.6',
28 silly addNameRange     '1.13.8',
28 silly addNameRange     '1.13.9',
28 silly addNameRange     '1.13.10',
28 silly addNameRange     '1.14.0',
28 silly addNameRange     '1.14.1',
28 silly addNameRange     '1.14.2',
28 silly addNameRange     '1.14.3',
28 silly addNameRange     '1.14.4',
28 silly addNameRange     '1.14.5',
28 silly addNameRange     '1.15.0',
28 silly addNameRange     '1.15.1',
28 silly addNameRange     '1.15.2',
28 silly addNameRange     '1.15.3',
28 silly addNameRange     '1.15.4',
28 silly addNameRange     '1.15.5',
28 silly addNameRange     '1.15.6',
28 silly addNameRange     '1.16.0',
28 silly addNameRange     '1.16.1',
28 silly addNameRange     '1.16.2',
28 silly addNameRange     '1.16.3',
28 silly addNameRange     '1.16.4',
28 silly addNameRange     '1.16.5',
28 silly addNameRange     '1.16.6',
28 silly addNameRange     '1.16.7',
28 silly addNameRange     '1.16.8',
28 silly addNameRange     '1.17.0',
28 silly addNameRange     '1.17.1',
28 silly addNameRange     '1.17.2',
28 silly addNameRange     '1.17.3',
28 silly addNameRange     '1.18.0',
28 silly addNameRange     '2.0.0',
28 silly addNameRange     '2.0.1',
28 silly addNameRange     '2.1.0',
28 silly addNameRange     '2.2.0',
28 silly addNameRange     '2.2.1',
28 silly addNameRange     '2.2.2',
28 silly addNameRange     '2.2.3',
28 silly addNameRange     '2.2.4',
28 silly addNameRange     '2.2.5',
28 silly addNameRange     '2.2.6',
28 silly addNameRange     '2.3.0',
28 silly addNameRange     '2.3.1',
28 silly addNameRange     '2.4.0',
28 silly addNameRange     '2.4.1',
28 silly addNameRange     '2.4.2',
28 silly addNameRange     '2.4.3',
28 silly addNameRange     '2.5.0',
28 silly addNameRange     '2.5.1',
28 silly addNameRange     '2.6.0',
28 silly addNameRange     '2.6.1',
28 silly addNameRange     '2.7.0',
28 silly addNameRange     '2.7.1',
28 silly addNameRange     '2.7.2',
28 silly addNameRange     '2.7.3',
28 silly addNameRange     '2.7.4',
28 silly addNameRange     '2.8.0',
28 silly addNameRange     '2.8.1',
28 silly addNameRange     '2.9.0',
28 silly addNameRange     '2.10.0',
28 silly addNameRange     '2.10.1',
28 silly addNameRange     '2.10.2',
28 silly addNameRange     '2.11.0',
28 silly addNameRange     '2.12.0',
28 silly addNameRange     '2.12.1',
28 silly addNameRange     '2.12.2',
28 silly addNameRange     '2.12.3',
28 silly addNameRange     '2.12.4',
28 silly addNameRange     '2.12.5',
28 silly addNameRange     '2.13.0',
28 silly addNameRange     '2.13.1',
28 silly addNameRange     '2.13.2',
28 silly addNameRange     '2.13.3',
28 silly addNameRange     '2.14.0',
28 silly addNameRange     '2.14.1',
28 silly addNameRange     '2.14.2',
28 silly addNameRange     '2.15.0',
28 silly addNameRange     '2.16.0',
28 silly addNameRange     '2.17.0',
28 silly addNameRange     '2.17.1',
28 silly addNameRange     '2.17.2',
28 silly addNameRange     '2.17.3',
28 silly addNameRange     '2.17.4',
28 silly addNameRange     '2.18.0',
28 silly addNameRange     '2.18.1',
28 silly addNameRange     '2.19.0',
28 silly addNameRange     '2.20.0',
28 silly addNameRange     '2.20.1',
28 silly addNameRange     '2.20.2',
28 silly addNameRange     '2.21.0',
28 silly addNameRange     '2.22.0',
28 silly addNameRange     '2.23.0',
28 silly addNameRange     '2.23.1',
28 silly addNameRange     '2.24.0',
28 silly addNameRange     '2.24.1',
28 silly addNameRange     '2.24.2',
28 silly addNameRange     '2.24.3',
28 silly addNameRange     '2.25.0',
28 silly addNameRange     '2.25.1',
28 silly addNameRange     '2.26.0',
28 silly addNameRange     '2.27.0',
28 silly addNameRange     '2.27.1',
28 silly addNameRange     '2.28.0',
28 silly addNameRange     '2.29.0',
28 silly addNameRange     '2.29.1',
28 silly addNameRange     '2.30.0',
28 silly addNameRange     '2.31.0',
28 silly addNameRange     '2.32.0',
28 silly addNameRange     '2.32.1',
28 silly addNameRange     '2.32.2',
28 silly addNameRange     '2.32.3',
28 silly addNameRange     '2.32.4',
28 silly addNameRange     '2.33.0',
28 silly addNameRange     '2.33.1',
28 silly addNameRange     '2.34.0',
28 silly addNameRange     '2.34.1',
28 silly addNameRange     '2.34.2',
28 silly addNameRange     '2.34.3',
28 silly addNameRange     '2.35.0',
28 silly addNameRange     '2.35.1',
28 silly addNameRange     '2.35.2',
28 silly addNameRange     '2.35.3',
28 silly addNameRange     '2.35.4',
28 silly addNameRange     '2.36.0',
28 silly addNameRange     '2.36.1',
28 silly addNameRange     '3.0.0',
28 silly addNameRange     '3.1.0',
28 silly addNameRange     '3.1.1',
28 silly addNameRange     '3.1.2',
28 silly addNameRange     '3.1.3',
28 silly addNameRange     '3.2.0',
28 silly addNameRange     '3.2.1',
28 silly addNameRange     '3.2.2',
28 silly addNameRange     '3.3.0',
28 silly addNameRange     '3.4.0',
28 silly addNameRange     '3.4.1',
28 silly addNameRange     '3.5.0',
28 silly addNameRange     '3.6.0',
28 silly addNameRange     '3.7.0',
28 silly addNameRange     '3.8.0',
28 silly addNameRange     '3.8.1',
28 silly addNameRange     '3.9.0',
28 silly addNameRange     '3.9.1',
28 silly addNameRange     '3.10.0',
28 silly addNameRange     '3.11.0',
28 silly addNameRange     '3.11.1',
28 silly addNameRange     '3.12.0',
28 silly addNameRange     '3.13.0',
28 silly addNameRange     '3.14.0',
28 silly addNameRange     '3.14.1',
28 silly addNameRange     '3.16.0',
28 silly addNameRange     '3.16.1',
28 silly addNameRange     '3.17.0',
28 silly addNameRange     '3.18.0',
28 silly addNameRange     '3.19.0',
28 silly addNameRange     '3.19.1',
28 silly addNameRange     '3.20.0',
28 silly addNameRange     '3.20.1',
28 silly addNameRange     '3.20.2',
28 silly addNameRange     '3.21.0',
28 silly addNameRange     '3.21.1',
28 silly addNameRange     '3.22.0',
28 silly addNameRange     '3.22.1',
28 silly addNameRange     '3.23.0',
28 silly addNameRange     '3.23.1',
28 silly addNameRange     '3.24.0',
28 silly addNameRange     '3.24.1',
28 silly addNameRange     '3.24.2',
28 silly addNameRange     '3.24.3',
28 silly addNameRange     '3.24.4',
28 silly addNameRange     '3.24.5',
28 silly addNameRange     '3.24.6',
28 silly addNameRange     '3.24.7',
28 silly addNameRange     '3.24.8',
28 silly addNameRange     '3.24.9',
28 silly addNameRange     '3.24.10',
28 silly addNameRange     '3.24.11',
28 silly addNameRange     '3.24.13',
28 silly addNameRange     '3.25.0',
28 silly addNameRange     '3.25.1',
28 silly addNameRange     '3.25.2',
28 silly addNameRange     '3.26.0',
28 silly addNameRange     '3.27.0',
28 silly addNameRange     '3.27.1',
28 silly addNameRange     '3.28.0',
28 silly addNameRange     '3.28.1',
28 silly addNameRange     '3.28.2',
28 silly addNameRange     '3.29.0',
28 silly addNameRange     '3.29.1',
28 silly addNameRange     '3.30.0',
28 silly addNameRange     '3.30.1',
28 silly addNameRange     '3.30.2',
28 silly addNameRange     '3.30.3',
28 silly addNameRange     '3.30.4',
28 silly addNameRange     '3.31.0',
28 silly addNameRange     '3.31.1',
28 silly addNameRange     '3.31.2',
28 silly addNameRange     '3.32.0',
28 silly addNameRange     '3.32.1',
28 silly addNameRange     '3.33.0',
28 silly addNameRange     '3.33.1',
28 silly addNameRange     '3.34.0',
28 silly addNameRange     '3.35.0',
28 silly addNameRange     '3.36.0',
28 silly addNameRange     '3.36.1',
28 silly addNameRange     '3.37.0',
28 silly addNameRange     '3.37.1',
28 silly addNameRange     '3.37.2',
28 silly addNameRange     '3.38.0',
28 silly addNameRange     '3.38.1',
28 silly addNameRange     '3.39.0',
28 silly addNameRange     '3.40.0',
28 silly addNameRange     '3.40.1',
28 silly addNameRange     '3.40.2',
28 silly addNameRange     '3.40.3',
28 silly addNameRange     '3.40.4',
28 silly addNameRange     '3.41.0',
28 silly addNameRange     '3.42.0',
28 silly addNameRange     '3.43.0',
28 silly addNameRange     '3.44.0',
28 silly addNameRange     '3.44.1',
28 silly addNameRange     '3.44.2',
28 silly addNameRange     '3.45.0',
28 silly addNameRange     '3.46.0',
28 silly addNameRange     '3.46.1',
28 silly addNameRange     '4.0.0',
28 silly addNameRange     '4.1.0',
28 silly addNameRange     '4.1.1',
28 silly addNameRange     '4.1.2',
28 silly addNameRange     '4.1.3',
28 silly addNameRange     '4.1.4',
28 silly addNameRange     '4.1.5',
28 silly addNameRange     '4.1.6',
28 silly addNameRange     '4.1.7',
28 silly addNameRange     '4.1.8',
28 silly addNameRange     '4.1.9',
28 silly addNameRange     '4.1.10',
28 silly addNameRange     '4.1.11',
28 silly addNameRange     '4.2.0',
28 silly addNameRange     '4.2.1',
28 silly addNameRange     '4.2.2',
28 silly addNameRange     '4.2.3',
28 silly addNameRange     '5.0.0',
28 silly addNameRange     '5.0.1',
28 silly addNameRange     '5.0.2',
28 silly addNameRange     '5.0.3',
28 silly addNameRange     '5.0.4',
28 silly addNameRange     '5.0.5',
28 silly addNameRange     '5.0.6',
28 silly addNameRange     '5.0.7',
28 silly addNameRange     '5.0.8',
28 silly addNameRange     '5.1.0',
28 silly addNameRange     '5.1.1',
28 silly addNameRange     '5.2.0',
28 silly addNameRange     '5.2.1',
28 silly addNameRange     '5.3.0',
28 silly addNameRange     '5.4.0',
28 silly addNameRange     '5.4.1',
28 silly addNameRange     '5.4.2',
28 silly addNameRange     '5.5.0',
28 silly addNameRange     '5.6.0',
28 silly addNameRange     '5.6.1',
28 silly addNameRange     '5.7.0',
28 silly addNameRange     '5.8.0',
28 silly addNameRange     '5.9.0',
28 silly addNameRange     '5.9.1',
28 silly addNameRange     '5.9.2',
28 silly addNameRange     '5.9.3',
28 silly addNameRange     '5.10.0',
28 silly addNameRange     '5.10.1',
28 silly addNameRange     '5.11.0',
28 silly addNameRange     '5.11.1',
28 silly addNameRange     '5.11.2',
28 silly addNameRange     '5.12.0',
28 silly addNameRange     '5.12.1',
28 silly addNameRange     '5.12.2',
28 silly addNameRange     '5.13.0',
28 silly addNameRange     '5.13.1',
28 silly addNameRange     '6.0.0',
28 silly addNameRange     '6.0.1',
28 silly addNameRange     '6.0.2',
28 silly addNameRange     '6.0.3',
28 silly addNameRange     '6.1.0',
28 silly addNameRange     '6.1.1',
28 silly addNameRange     '6.1.2',
28 silly addNameRange     '6.2.0',
28 silly addNameRange     '6.3.0',
28 silly addNameRange     '6.3.1',
28 silly addNameRange     '6.3.2',
28 silly addNameRange     '6.3.3',
28 silly addNameRange     '6.3.4',
28 silly addNameRange     '7.0.0',
28 silly addNameRange     '7.0.1',
28 silly addNameRange     '7.0.2',
28 silly addNameRange     '7.0.3',
28 silly addNameRange     '7.1.0',
28 silly addNameRange     '8.0.0',
28 silly addNameRange     '8.0.1',
28 silly addNameRange     '8.0.2',
28 silly addNameRange     '8.0.3',
28 silly addNameRange     '8.1.0',
28 silly addNameRange     '8.1.1',
28 silly addNameRange     '8.1.2',
28 silly addNameRange     '8.1.3',
28 silly addNameRange     '9.0.0',
28 silly addNameRange     '9.0.1',
28 silly addNameRange     '9.0.2',
28 silly addNameRange     '9.0.3',
28 silly addNameRange     '9.0.4',
28 silly addNameRange     '9.0.5',
28 silly addNameRange     '9.0.6',
28 silly addNameRange     '9.0.7',
28 silly addNameRange     '9.0.8',
28 silly addNameRange     '10.0.0',
28 silly addNameRange     '10.1.0',
28 silly addNameRange     '10.1.1',
28 silly addNameRange     '10.1.2',
28 silly addNameRange     '10.1.3',
28 silly addNameRange     '10.2.0',
28 silly addNameRange     '10.2.1',
28 silly addNameRange     '10.2.3',
28 silly addNameRange     '10.2.4',
28 silly addNameRange     '10.2.5',
28 silly addNameRange     '10.2.6',
28 silly addNameRange     '11.0.0',
28 silly addNameRange     '11.0.1',
28 silly addNameRange     '11.1.0',
28 silly addNameRange     '11.2.0' ] ]
29 silly addNamed browserify@11.2.0
30 verbose addNamed "11.2.0" is a plain semver version for browserify
31 silly mapToRegistry name browserify
32 silly mapToRegistry using default registry
33 silly mapToRegistry registry https://registry.npmjs.org/
34 silly mapToRegistry uri https://registry.npmjs.org/browserify
35 verbose addRemoteTarball https://registry.npmjs.org/browserify/-/browserify-11.2.0.tgz not in flight; adding
36 verbose addRemoteTarball [ 'https://registry.npmjs.org/browserify/-/browserify-11.2.0.tgz',
36 verbose addRemoteTarball   'a11bb9dd209d79572b813f7eeeaf828a5f5c0e4e' ]
37 info retry fetch attempt 1 at 7:25:18 PM
38 info attempt registry request try #1 at 7:25:18 PM
39 http fetch GET https://registry.npmjs.org/browserify/-/browserify-11.2.0.tgz
40 http fetch 200 https://registry.npmjs.org/browserify/-/browserify-11.2.0.tgz
41 silly fetchAndShaCheck shasum a11bb9dd209d79572b813f7eeeaf828a5f5c0e4e
42 verbose addTmpTarball /var/folders/_n/_67fsc6n5kz_8pmzqmb76t8h0000gn/T/npm-1949-e772471d/registry.npmjs.org/browserify/-/browserify-11.2.0.tgz not in flight; adding
43 verbose addTmpTarball already have metadata; skipping unpack for browserify@11.2.0
44 silly cache afterAdd browserify@11.2.0
45 verbose afterAdd /Users/localadmin/.npm/browserify/11.2.0/package/package.json not in flight; writing
46 verbose afterAdd /Users/localadmin/.npm/browserify/11.2.0/package/package.json written
47 silly install resolved [ { name: 'browserify',
47 silly install resolved     version: '11.2.0',
47 silly install resolved     description: 'browser-side require() the node way',
47 silly install resolved     main: 'index.js',
47 silly install resolved     bin: { browserify: 'bin/cmd.js' },
47 silly install resolved     repository:
47 silly install resolved      { type: 'git',
47 silly install resolved        url: 'git+ssh://git@github.com/substack/node-browserify.git' },
47 silly install resolved     keywords:
47 silly install resolved      [ 'browser',
47 silly install resolved        'require',
47 silly install resolved        'commonjs',
47 silly install resolved        'commonj-esque',
47 silly install resolved        'bundle',
47 silly install resolved        'npm',
47 silly install resolved        'javascript' ],
47 silly install resolved     dependencies:
47 silly install resolved      { JSONStream: '^1.0.3',
47 silly install resolved        assert: '~1.3.0',
47 silly install resolved        'browser-pack': '^5.0.0',
47 silly install resolved        'browser-resolve': '^1.7.1',
47 silly install resolved        'browserify-zlib': '~0.1.2',
47 silly install resolved        buffer: '^3.0.0',
47 silly install resolved        builtins: '~0.0.3',
47 silly install resolved        commondir: '0.0.1',
47 silly install resolved        'concat-stream': '~1.4.1',
47 silly install resolved        'console-browserify': '^1.1.0',
47 silly install resolved        'constants-browserify': '~0.0.1',
47 silly install resolved        'crypto-browserify': '^3.0.0',
47 silly install resolved        defined: '^1.0.0',
47 silly install resolved        'deps-sort': '^1.3.7',
47 silly install resolved        'domain-browser': '~1.1.0',
47 silly install resolved        duplexer2: '~0.0.2',
47 silly install resolved        events: '~1.0.0',
47 silly install resolved        glob: '^4.0.5',
47 silly install resolved        has: '^1.0.0',
47 silly install resolved        htmlescape: '^1.1.0',
47 silly install resolved        'stream-http': '^1.2.0',
47 silly install resolved        'https-browserify': '~0.0.0',
47 silly install resolved        inherits: '~2.0.1',
47 silly install resolved        'insert-module-globals': '^6.4.1',
47 silly install resolved        isarray: '0.0.1',
47 silly install resolved        'labeled-stream-splicer': '^1.0.0',
47 silly install resolved        'module-deps': '^3.7.11',
47 silly install resolved        'os-browserify': '~0.1.1',
47 silly install resolved        parents: '^1.0.1',
47 silly install resolved        'path-browserify': '~0.0.0',
47 silly install resolved        process: '~0.11.0',
47 silly install resolved        punycode: '^1.3.2',
47 silly install resolved        'querystring-es3': '~0.2.0',
47 silly install resolved        'read-only-stream': '^1.1.1',
47 silly install resolved        'readable-stream': '^2.0.2',
47 silly install resolved        resolve: '^1.1.4',
47 silly install resolved        shasum: '^1.0.0',
47 silly install resolved        'shell-quote': '~0.0.1',
47 silly install resolved        'stream-browserify': '^2.0.0',
47 silly install resolved        string_decoder: '~0.10.0',
47 silly install resolved        subarg: '^1.0.0',
47 silly install resolved        'syntax-error': '^1.1.1',
47 silly install resolved        through2: '^1.0.0',
47 silly install resolved        'timers-browserify': '^1.0.1',
47 silly install resolved        'tty-browserify': '~0.0.0',
47 silly install resolved        url: '~0.10.1',
47 silly install resolved        util: '~0.10.1',
47 silly install resolved        'vm-browserify': '~0.0.1',
47 silly install resolved        xtend: '^4.0.0' },
47 silly install resolved     devDependencies:
47 silly install resolved      { backbone: '~0.9.2',
47 silly install resolved        'browser-unpack': '~0.0.0',
47 silly install resolved        'coffee-script': '~1.5.0',
47 silly install resolved        coffeeify: '~0.6.0',
47 silly install resolved        es6ify: '~0.4.8',
47 silly install resolved        isstream: '^0.1.2',
47 silly install resolved        seq: '0.3.3',
47 silly install resolved        tap: '^1.1.0',
47 silly install resolved        temp: '^0.8.1',
47 silly install resolved        through: '^2.3.4' },
47 silly install resolved     author:
47 silly install resolved      { name: 'James Halliday',
47 silly install resolved        email: 'mail@substack.net',
47 silly install resolved        url: 'http://substack.net' },
47 silly install resolved     scripts: { test: 'tap test/*.js' },
47 silly install resolved     license: 'MIT',
47 silly install resolved     gitHead: 'b7cf5bef990a6823d14e2d437e15112aa6b3adfa',
47 silly install resolved     bugs: { url: 'https://github.com/substack/node-browserify/issues' },
47 silly install resolved     homepage: 'https://github.com/substack/node-browserify#readme',
47 silly install resolved     _id: 'browserify@11.2.0',
47 silly install resolved     _shasum: 'a11bb9dd209d79572b813f7eeeaf828a5f5c0e4e',
47 silly install resolved     _from: 'browserify@*',
47 silly install resolved     _npmVersion: '2.14.3',
47 silly install resolved     _nodeVersion: '4.1.0',
47 silly install resolved     _npmUser: { name: 'zertosh', email: 'zertosh@gmail.com' },
47 silly install resolved     maintainers:
47 silly install resolved      [ [Object],
47 silly install resolved        [Object],
47 silly install resolved        [Object],
47 silly install resolved        [Object],
47 silly install resolved        [Object],
47 silly install resolved        [Object],
47 silly install resolved        [Object],
47 silly install resolved        [Object],
47 silly install resolved        [Object],
47 silly install resolved        [Object] ],
47 silly install resolved     dist:
47 silly install resolved      { shasum: 'a11bb9dd209d79572b813f7eeeaf828a5f5c0e4e',
47 silly install resolved        tarball: 'http://registry.npmjs.org/browserify/-/browserify-11.2.0.tgz' },
47 silly install resolved     directories: {},
47 silly install resolved     _resolved: 'https://registry.npmjs.org/browserify/-/browserify-11.2.0.tgz' } ]
48 info install browserify@11.2.0 into /usr/local/lib
49 info installOne browserify@11.2.0
50 verbose installOne of browserify to /usr/local/lib not in flight; installing
51 verbose makeDirectory /Users/localadmin/.npm/_locks creation not in flight; initializing
52 silly makeDirectory /Users/localadmin/.npm/_locks uid: 501 gid: 20
53 verbose lock using /Users/localadmin/.npm/_locks/browserify-361ec04d0c7090cb.lock for /usr/local/lib/node_modules/browserify
54 silly install write writing browserify 11.2.0 to /usr/local/lib/node_modules/browserify
55 verbose unbuild lib/node_modules/browserify
56 silly gentlyRm /usr/local/lib/node_modules/browserify is being purged from base /usr/local
57 verbose gentlyRm don't care about contents; nuking /usr/local/lib/node_modules/browserify
58 verbose tar unpack /Users/localadmin/.npm/browserify/11.2.0/package.tgz
59 verbose tar unpacking to /usr/local/lib/node_modules/browserify
60 silly gentlyRm /usr/local/lib/node_modules/browserify is being purged
61 verbose gentlyRm don't care about contents; nuking /usr/local/lib/node_modules/browserify
62 silly gunzTarPerm modes [ '755', '644' ]
63 error tar.unpack untar error /Users/localadmin/.npm/browserify/11.2.0/package.tgz
64 verbose unlock done using /Users/localadmin/.npm/_locks/browserify-361ec04d0c7090cb.lock for /usr/local/lib/node_modules/browserify
65 verbose fstream_path /usr/local/lib/node_modules/browserify
66 verbose fstream_type Directory
67 verbose fstream_class DirWriter
68 verbose stack Error: EACCES: permission denied, mkdir '/usr/local/lib/node_modules/browserify'
68 verbose stack     at Error (native)
69 verbose fstream_stack /usr/local/lib/node_modules/npm/node_modules/fstream/lib/dir-writer.js:35:25
69 verbose fstream_stack /usr/local/lib/node_modules/npm/node_modules/mkdirp/index.js:47:53
69 verbose fstream_stack FSReqWrap.oncomplete (fs.js:82:15)
70 verbose cwd /Users/localadmin/Desktop/DBOnline/js
71 error Darwin 15.0.0
72 error argv "/usr/local/bin/iojs" "/usr/local/bin/npm" "install" "-g" "browserify"
73 error node v3.3.1
74 error npm  v2.14.3
75 error path /usr/local/lib/node_modules/browserify
76 error code EACCES
77 error errno -13
78 error syscall mkdir
79 error Error: EACCES: permission denied, mkdir '/usr/local/lib/node_modules/browserify'
79 error     at Error (native)
79 error  { [Error: EACCES: permission denied, mkdir '/usr/local/lib/node_modules/browserify']
79 error   errno: -13,
79 error   code: 'EACCES',
79 error   syscall: 'mkdir',
79 error   path: '/usr/local/lib/node_modules/browserify',
79 error   fstream_type: 'Directory',
79 error   fstream_path: '/usr/local/lib/node_modules/browserify',
79 error   fstream_class: 'DirWriter',
79 error   fstream_stack:
79 error    [ '/usr/local/lib/node_modules/npm/node_modules/fstream/lib/dir-writer.js:35:25',
79 error      '/usr/local/lib/node_modules/npm/node_modules/mkdirp/index.js:47:53',
79 error      'FSReqWrap.oncomplete (fs.js:82:15)' ] }
80 error Please try running this command again as root/Administrator.
81 verbose exit [ -13, true ]
82 verbose unbuild lib/node_modules/browserify
83 silly gentlyRm /usr/local/lib/node_modules/browserify is being purged from base /usr/local
84 verbose gentlyRm don't care about contents; nuking /usr/local/lib/node_modules/browserify
